2021-05-16 12:03:39,596 INFO c.k.s.Main Options used: com.kirela.szczepimy.Options@1a6d8329 
2021-05-16 12:03:39,644 WARN c.k.s.GminaFinder Problem with city Rogowo, terc1=0412032, terc2=0419052 (same powiat) 
2021-05-16 12:03:39,649 WARN c.k.s.GminaFinder Problem with city Adamów, terc1=0611032, terc2=0620012 (same powiat) 
2021-05-16 12:03:39,657 WARN c.k.s.GminaFinder Problem with city Bolesław, terc1=1204012, terc2=1212032 (same powiat) 
2021-05-16 12:03:39,658 WARN c.k.s.GminaFinder Problem with city Spytkowice, terc1=1211132, terc2=1218062 (same powiat) 
2021-05-16 12:03:39,661 WARN c.k.s.GminaFinder Problem with city Radzanów, terc1=1401032, terc2=1413042 (same powiat) 
2021-05-16 12:03:39,663 WARN c.k.s.GminaFinder Problem with city Bielany, terc1=1429022, terc2=1465048 (same powiat) 
2021-05-16 12:03:39,665 WARN c.k.s.GminaFinder Problem with city Czarna, terc1=1801032, terc2=1803032 (same powiat) 
2021-05-16 12:03:39,666 WARN c.k.s.GminaFinder Problem with city Czarna, terc1=1801032, terc2=1810032 (same powiat) 
2021-05-16 12:03:39,674 WARN c.k.s.GminaFinder Problem with city Świętajno, terc1=2813052, terc2=2817072 (same powiat) 
2021-05-16 12:03:41,371 INFO STATS Preparation time: 1838 
2021-05-16 12:03:41,379 INFO c.k.s.Main Processing SearchCity[name=null, voivodeship=WIELKOPOLSKIE, days=10, vaccines=[cov19.pfizer, cov19.astra_zeneca, cov19.moderna, cov19.johnson_and_johnson], servicePointId=null] 
2021-05-16 12:03:41,384 INFO c.k.s.Main city=null, vaccine=[cov19.astra_zeneca]: try=0, start=2021-05-16T00:00, end=2021-06-13T23:59, pointId=null 
2021-05-16 12:03:41,385 INFO c.k.s.Main time since last search = 1621159421385 
2021-05-16 12:03:42,796 INFO STATS time per search: 1374, size: 22796 
2021-05-16 12:03:42,796 INFO STATS total search time: 1374 (retries = 0) 
2021-05-16 12:03:42,829 INFO c.k.s.Main Found for null, [cov19.astra_zeneca]: 58 slots, nextDate = 2021-05-18T09:51 
2021-05-16 12:03:42,831 INFO c.k.s.Main city=null, vaccine=[cov19.pfizer]: try=0, start=2021-05-16T00:00, end=2021-06-13T23:59, pointId=null 
2021-05-16 12:03:42,831 INFO c.k.s.Main time since last search = 1446 
2021-05-16 12:03:44,082 INFO STATS time per search: 1251, size: 14244 
2021-05-16 12:03:44,082 INFO STATS total search time: 1251 (retries = 0) 
2021-05-16 12:03:44,086 INFO c.k.s.Main Found for null, [cov19.pfizer]: 38 slots, nextDate = 2021-06-04T11:56 
2021-05-16 12:03:44,086 INFO c.k.s.Main city=null, vaccine=[cov19.pfizer]: try=1, start=2021-06-04T11:56, end=2021-06-13T23:59, pointId=null 
2021-05-16 12:03:44,087 INFO c.k.s.Main time since last search = 1256 
2021-05-16 12:03:44,695 INFO STATS time per search: 608, size: 11680 
2021-05-16 12:03:44,695 INFO STATS total search time: 608 (retries = 0) 
2021-05-16 12:03:44,699 INFO c.k.s.Main Found for null, [cov19.pfizer]: 32 slots, nextDate = 2021-06-04T12:31 
2021-05-16 12:03:44,699 INFO c.k.s.Main city=null, vaccine=[cov19.pfizer]: try=2, start=2021-06-04T12:31, end=2021-06-13T23:59, pointId=null 
2021-05-16 12:03:44,699 INFO c.k.s.Main time since last search = 612 
2021-05-16 12:03:45,923 INFO STATS time per search: 836, size: 9497 
2021-05-16 12:03:45,923 INFO STATS total search time: 836 (retries = 0) 
2021-05-16 12:03:45,925 INFO c.k.s.Main Found for null, [cov19.pfizer]: 26 slots, nextDate = 2021-06-04T12:51 
2021-05-16 12:03:45,926 INFO c.k.s.Main city=null, vaccine=[cov19.pfizer]: try=3, start=2021-06-04T12:51, end=2021-06-13T23:59, pointId=null 
2021-05-16 12:03:45,926 INFO c.k.s.Main time since last search = 839 
2021-05-16 12:03:46,142 INFO STATS time per search: 55, size: 180 
2021-05-16 12:03:46,142 WARN c.k.s.Main retrying 
2021-05-16 12:03:47,315 INFO STATS time per search: 652, size: 8842 
2021-05-16 12:03:47,315 ERROR c.k.s.Main Retries count = 1 
2021-05-16 12:03:47,315 INFO STATS total search time: 1228 (retries = 1) 
2021-05-16 12:03:47,317 INFO c.k.s.Main Found for null, [cov19.pfizer]: 24 slots, nextDate = 2021-06-04T13:11 
2021-05-16 12:03:47,318 INFO c.k.s.Main city=null, vaccine=[cov19.pfizer]: try=4, start=2021-06-04T13:11, end=2021-06-13T23:59, pointId=null 
2021-05-16 12:03:47,318 INFO c.k.s.Main time since last search = 1231 
2021-05-16 12:03:47,372 INFO STATS time per search: 54, size: 180 
2021-05-16 12:03:47,372 WARN c.k.s.Main retrying 
2021-05-16 12:03:48,777 INFO STATS time per search: 858, size: 8205 
2021-05-16 12:03:48,777 ERROR c.k.s.Main Retries count = 1 
2021-05-16 12:03:48,777 INFO STATS total search time: 1459 (retries = 1) 
2021-05-16 12:03:48,779 INFO c.k.s.Main Found for null, [cov19.pfizer]: 22 slots, nextDate = 2021-06-04T13:31 
2021-05-16 12:03:48,780 INFO c.k.s.Main city=null, vaccine=[cov19.pfizer]: try=5, start=2021-06-04T13:31, end=2021-06-13T23:59, pointId=null 
2021-05-16 12:03:48,780 INFO c.k.s.Main time since last search = 1462 
2021-05-16 12:03:48,835 INFO STATS time per search: 55, size: 180 
2021-05-16 12:03:48,836 WARN c.k.s.Main retrying 
2021-05-16 12:03:50,225 INFO STATS time per search: 935, size: 9228 
2021-05-16 12:03:50,225 ERROR c.k.s.Main Retries count = 1 
2021-05-16 12:03:50,225 INFO STATS total search time: 1445 (retries = 1) 
2021-05-16 12:03:50,227 INFO c.k.s.Main Found for null, [cov19.pfizer]: 25 slots, nextDate = 2021-06-04T13:51 
2021-05-16 12:03:50,227 INFO c.k.s.Main city=null, vaccine=[cov19.pfizer]: try=6, start=2021-06-04T13:51, end=2021-06-13T23:59, pointId=null 
2021-05-16 12:03:50,227 INFO c.k.s.Main time since last search = 1447 
2021-05-16 12:03:50,281 INFO STATS time per search: 54, size: 180 
2021-05-16 12:03:50,281 WARN c.k.s.Main retrying 
2021-05-16 12:03:51,410 INFO STATS time per search: 775, size: 10145 
2021-05-16 12:03:51,410 ERROR c.k.s.Main Retries count = 1 
2021-05-16 12:03:51,410 INFO STATS total search time: 1183 (retries = 1) 
2021-05-16 12:03:51,412 INFO c.k.s.Main Found for null, [cov19.pfizer]: 27 slots, nextDate = 2021-06-04T14:26 
2021-05-16 12:03:51,412 INFO c.k.s.Main city=null, vaccine=[cov19.pfizer]: try=7, start=2021-06-04T14:26, end=2021-06-13T23:59, pointId=null 
2021-05-16 12:03:51,413 INFO c.k.s.Main time since last search = 1186 
2021-05-16 12:03:51,467 INFO STATS time per search: 54, size: 180 
2021-05-16 12:03:51,467 WARN c.k.s.Main retrying 
2021-05-16 12:03:52,839 INFO STATS time per search: 819, size: 7054 
2021-05-16 12:03:52,839 ERROR c.k.s.Main Retries count = 1 
2021-05-16 12:03:52,839 INFO STATS total search time: 1426 (retries = 1) 
2021-05-16 12:03:52,841 INFO c.k.s.Main Found for null, [cov19.pfizer]: 19 slots, nextDate = 2021-06-04T14:46 
2021-05-16 12:03:52,841 INFO c.k.s.Main city=null, vaccine=[cov19.pfizer]: try=8, start=2021-06-04T14:46, end=2021-06-13T23:59, pointId=null 
2021-05-16 12:03:52,841 INFO c.k.s.Main time since last search = 1428 
2021-05-16 12:03:52,896 INFO STATS time per search: 54, size: 180 
2021-05-16 12:03:52,896 WARN c.k.s.Main retrying 
2021-05-16 12:03:54,115 INFO STATS time per search: 671, size: 8493 
2021-05-16 12:03:54,115 ERROR c.k.s.Main Retries count = 1 
2021-05-16 12:03:54,115 INFO STATS total search time: 1273 (retries = 1) 
2021-05-16 12:03:54,117 INFO c.k.s.Main Found for null, [cov19.pfizer]: 23 slots, nextDate = 2021-06-04T15:16 
2021-05-16 12:03:54,117 INFO c.k.s.Main city=null, vaccine=[cov19.pfizer]: try=9, start=2021-06-04T15:16, end=2021-06-13T23:59, pointId=null 
2021-05-16 12:03:54,117 INFO c.k.s.Main time since last search = 1276 
2021-05-16 12:03:54,172 INFO STATS time per search: 55, size: 180 
2021-05-16 12:03:54,172 WARN c.k.s.Main retrying 
2021-05-16 12:03:55,242 INFO STATS time per search: 612, size: 8132 
2021-05-16 12:03:55,242 ERROR c.k.s.Main Retries count = 1 
2021-05-16 12:03:55,242 INFO STATS total search time: 1125 (retries = 1) 
2021-05-16 12:03:55,243 INFO c.k.s.Main Found for null, [cov19.pfizer]: 22 slots, nextDate = 2021-06-04T15:46 
2021-05-16 12:03:55,244 INFO c.k.s.Main city=null, vaccine=[cov19.pfizer]: try=10, start=2021-06-04T15:46, end=2021-06-13T23:59, pointId=null 
2021-05-16 12:03:55,244 INFO c.k.s.Main time since last search = 1127 
2021-05-16 12:03:55,299 INFO STATS time per search: 55, size: 180 
2021-05-16 12:03:55,299 WARN c.k.s.Main retrying 
2021-05-16 12:03:56,565 INFO STATS time per search: 841, size: 10821 
2021-05-16 12:03:56,565 ERROR c.k.s.Main Retries count = 1 
2021-05-16 12:03:56,565 INFO STATS total search time: 1321 (retries = 1) 
2021-05-16 12:03:56,567 INFO c.k.s.Main Found for null, [cov19.pfizer]: 29 slots, nextDate = 2021-06-04T16:46 
2021-05-16 12:03:56,567 INFO c.k.s.Main city=null, vaccine=[cov19.pfizer]: try=11, start=2021-06-04T16:46, end=2021-06-13T23:59, pointId=null 
2021-05-16 12:03:56,567 INFO c.k.s.Main time since last search = 1323 
2021-05-16 12:03:56,628 INFO STATS time per search: 60, size: 180 
2021-05-16 12:03:56,628 WARN c.k.s.Main retrying 
2021-05-16 12:03:58,006 INFO STATS time per search: 776, size: 8210 
2021-05-16 12:03:58,006 ERROR c.k.s.Main Retries count = 1 
2021-05-16 12:03:58,006 INFO STATS total search time: 1438 (retries = 1) 
2021-05-16 12:03:58,008 INFO c.k.s.Main Found for null, [cov19.pfizer]: 22 slots, nextDate = 2021-06-04T17:16 
2021-05-16 12:03:58,008 INFO c.k.s.Main city=null, vaccine=[cov19.pfizer]: try=12, start=2021-06-04T17:16, end=2021-06-13T23:59, pointId=null 
2021-05-16 12:03:58,008 INFO c.k.s.Main time since last search = 1441 
2021-05-16 12:03:58,063 INFO STATS time per search: 55, size: 180 
2021-05-16 12:03:58,063 WARN c.k.s.Main retrying 
2021-05-16 12:03:59,239 INFO STATS time per search: 805, size: 7518 
2021-05-16 12:03:59,239 ERROR c.k.s.Main Retries count = 1 
2021-05-16 12:03:59,239 INFO STATS total search time: 1231 (retries = 1) 
2021-05-16 12:03:59,240 INFO c.k.s.Main Found for null, [cov19.pfizer]: 20 slots, nextDate = 2021-06-04T17:46 
2021-05-16 12:03:59,240 INFO c.k.s.Main More data exists for WIELKOPOLSKIE, null, [cov19.pfizer], last startDate=2021-06-04T17:46 
2021-05-16 12:03:59,241 INFO c.k.s.Main city=null, vaccine=[cov19.moderna]: try=0, start=2021-05-16T00:00, end=2021-06-13T23:59, pointId=null 
2021-05-16 12:03:59,241 INFO c.k.s.Main time since last search = 1233 
2021-05-16 12:03:59,296 INFO STATS time per search: 54, size: 180 
2021-05-16 12:03:59,296 WARN c.k.s.Main retrying 
2021-05-16 12:04:00,361 INFO STATS time per search: 732, size: 5829 
2021-05-16 12:04:00,361 ERROR c.k.s.Main Retries count = 1 
2021-05-16 12:04:00,361 INFO STATS total search time: 1120 (retries = 1) 
2021-05-16 12:04:00,363 INFO c.k.s.Main Found for null, [cov19.moderna]: 17 slots, nextDate = 2021-05-24T10:16 
2021-05-16 12:04:00,363 INFO c.k.s.Main city=null, vaccine=[cov19.moderna]: try=1, start=2021-05-24T10:16, end=2021-06-13T23:59, pointId=null 
2021-05-16 12:04:00,363 INFO c.k.s.Main time since last search = 1122 
2021-05-16 12:04:00,445 INFO STATS time per search: 80, size: 180 
2021-05-16 12:04:00,445 WARN c.k.s.Main retrying 
2021-05-16 12:04:02,499 INFO STATS time per search: 1653, size: 3520 
2021-05-16 12:04:02,500 ERROR c.k.s.Main Retries count = 1 
2021-05-16 12:04:02,500 INFO STATS total search time: 2135 (retries = 1) 
2021-05-16 12:04:02,501 INFO c.k.s.Main Found for null, [cov19.moderna]: 10 slots, nextDate = 2021-05-24T10:46 
2021-05-16 12:04:02,501 INFO c.k.s.Main city=null, vaccine=[cov19.moderna]: try=2, start=2021-05-24T10:46, end=2021-06-13T23:59, pointId=null 
2021-05-16 12:04:02,501 INFO c.k.s.Main time since last search = 2138 
2021-05-16 12:04:04,083 INFO STATS time per search: 1581, size: 2212 
2021-05-16 12:04:04,083 INFO STATS total search time: 1581 (retries = 0) 
2021-05-16 12:04:04,084 INFO c.k.s.Main Found for null, [cov19.moderna]: 6 slots, nextDate = 2021-05-24T11:16 
2021-05-16 12:04:04,084 INFO c.k.s.Main city=null, vaccine=[cov19.moderna]: try=3, start=2021-05-24T11:16, end=2021-06-13T23:59, pointId=null 
2021-05-16 12:04:04,084 INFO c.k.s.Main time since last search = 1583 
2021-05-16 12:04:06,473 INFO STATS time per search: 2389, size: 4414 
2021-05-16 12:04:06,474 INFO STATS total search time: 2390 (retries = 0) 
2021-05-16 12:04:06,474 INFO c.k.s.Main Found for null, [cov19.moderna]: 12 slots, nextDate = 2021-05-24T12:16 
2021-05-16 12:04:06,475 INFO c.k.s.Main city=null, vaccine=[cov19.moderna]: try=4, start=2021-05-24T12:16, end=2021-06-13T23:59, pointId=null 
2021-05-16 12:04:06,475 INFO c.k.s.Main time since last search = 2391 
2021-05-16 12:04:07,530 INFO STATS time per search: 1055, size: 11861 
2021-05-16 12:04:07,530 INFO STATS total search time: 1055 (retries = 0) 
2021-05-16 12:04:07,531 INFO c.k.s.Main Found for null, [cov19.moderna]: 33 slots, nextDate = 2021-05-27T13:46 
2021-05-16 12:04:07,532 INFO c.k.s.Main city=null, vaccine=[cov19.moderna]: try=5, start=2021-05-27T13:46, end=2021-06-13T23:59, pointId=null 
2021-05-16 12:04:07,532 INFO c.k.s.Main time since last search = 1057 
2021-05-16 12:04:08,337 INFO STATS time per search: 805, size: 12168 
2021-05-16 12:04:08,337 INFO STATS total search time: 805 (retries = 0) 
2021-05-16 12:04:08,340 INFO c.k.s.Main Found for null, [cov19.moderna]: 34 slots, nextDate = 2021-05-27T15:16 
2021-05-16 12:04:08,340 INFO c.k.s.Main city=null, vaccine=[cov19.moderna]: try=6, start=2021-05-27T15:16, end=2021-06-13T23:59, pointId=null 
2021-05-16 12:04:08,340 INFO c.k.s.Main time since last search = 808 
2021-05-16 12:04:08,593 INFO STATS time per search: 61, size: 180 
2021-05-16 12:04:08,593 WARN c.k.s.Main retrying 
2021-05-16 12:04:09,840 INFO STATS time per search: 845, size: 23766 
2021-05-16 12:04:09,840 ERROR c.k.s.Main Retries count = 1 
2021-05-16 12:04:09,840 INFO STATS total search time: 1308 (retries = 1) 
2021-05-16 12:04:09,844 INFO c.k.s.Main Found for null, [cov19.moderna]: 68 slots, nextDate = 2021-05-29T16:51 
2021-05-16 12:04:09,844 INFO c.k.s.Main city=null, vaccine=[cov19.moderna]: try=7, start=2021-05-29T16:51, end=2021-06-13T23:59, pointId=null 
2021-05-16 12:04:09,844 INFO c.k.s.Main time since last search = 1312 
2021-05-16 12:04:09,898 INFO STATS time per search: 54, size: 180 
2021-05-16 12:04:09,898 WARN c.k.s.Main retrying 
2021-05-16 12:04:11,687 INFO STATS time per search: 1384, size: 4174 
2021-05-16 12:04:11,687 ERROR c.k.s.Main Retries count = 1 
2021-05-16 12:04:11,687 INFO STATS total search time: 1843 (retries = 1) 
2021-05-16 12:04:11,688 INFO c.k.s.Main Found for null, [cov19.moderna]: 12 slots, nextDate = 2021-05-29T18:16 
2021-05-16 12:04:11,688 INFO c.k.s.Main city=null, vaccine=[cov19.moderna]: try=8, start=2021-05-29T18:16, end=2021-06-13T23:59, pointId=null 
2021-05-16 12:04:11,688 INFO c.k.s.Main time since last search = 1844 
2021-05-16 12:04:13,208 INFO STATS time per search: 1520, size: 11 
2021-05-16 12:04:13,208 INFO STATS total search time: 1520 (retries = 0) 
2021-05-16 12:04:13,208 INFO c.k.s.Main Found for null, [cov19.moderna]: 0 slots, nextDate = 2021-06-13T23:59 
2021-05-16 12:04:13,208 INFO c.k.s.Main city=null, vaccine=[cov19.johnson_and_johnson]: try=0, start=2021-05-16T00:00, end=2021-06-13T23:59, pointId=null 
2021-05-16 12:04:13,208 INFO c.k.s.Main time since last search = 1520 
2021-05-16 12:04:14,901 INFO STATS time per search: 1693, size: 749 
2021-05-16 12:04:14,901 INFO STATS total search time: 1693 (retries = 0) 
2021-05-16 12:04:14,902 INFO c.k.s.Main Found for null, [cov19.johnson_and_johnson]: 2 slots, nextDate = 2021-05-30T10:11 
2021-05-16 12:04:14,902 INFO c.k.s.Main city=null, vaccine=[cov19.johnson_and_johnson]: try=1, start=2021-05-30T10:11, end=2021-06-13T23:59, pointId=null 
2021-05-16 12:04:14,902 INFO c.k.s.Main time since last search = 1694 
2021-05-16 12:04:16,539 INFO STATS time per search: 1637, size: 11 
2021-05-16 12:04:16,539 INFO STATS total search time: 1637 (retries = 0) 
2021-05-16 12:04:16,539 INFO c.k.s.Main Found for null, [cov19.johnson_and_johnson]: 0 slots, nextDate = 2021-06-13T23:59 
2021-05-16 12:04:16,539 INFO c.k.s.Main Processing SearchCity[name=Poznań, voivodeship=WIELKOPOLSKIE, days=1, vaccines=[cov19.pfizer, cov19.astra_zeneca, cov19.moderna, cov19.johnson_and_johnson], servicePointId=null] 
2021-05-16 12:04:16,540 INFO c.k.s.Main city=Poznań, vaccine=[cov19.astra_zeneca]: try=0, start=2021-05-16T00:00, end=2021-06-13T23:59, pointId=null 
2021-05-16 12:04:16,540 INFO c.k.s.Main time since last search = 1638 
2021-05-16 12:04:16,930 INFO STATS time per search: 390, size: 31831 
2021-05-16 12:04:16,931 INFO STATS total search time: 391 (retries = 0) 
2021-05-16 12:04:16,935 INFO c.k.s.Main Found for Poznań, [cov19.astra_zeneca]: 91 slots, nextDate = 2021-05-26T14:41 
2021-05-16 12:04:16,935 INFO c.k.s.Main city=Poznań, vaccine=[cov19.pfizer]: try=0, start=2021-05-16T00:00, end=2021-06-13T23:59, pointId=null 
2021-05-16 12:04:16,935 INFO c.k.s.Main time since last search = 395 
2021-05-16 12:04:17,596 INFO STATS time per search: 56, size: 180 
2021-05-16 12:04:17,596 WARN c.k.s.Main retrying 
2021-05-16 12:04:18,485 INFO STATS time per search: 587, size: 6238 
2021-05-16 12:04:18,485 ERROR c.k.s.Main Retries count = 1 
2021-05-16 12:04:18,485 INFO STATS total search time: 945 (retries = 1) 
2021-05-16 12:04:18,486 INFO c.k.s.Main Found for Poznań, [cov19.pfizer]: 16 slots, nextDate = 2021-06-13T11:01 
2021-05-16 12:04:18,486 INFO c.k.s.Main city=Poznań, vaccine=[cov19.pfizer]: try=1, start=2021-06-13T11:01, end=2021-06-13T23:59, pointId=null 
2021-05-16 12:04:18,487 INFO c.k.s.Main time since last search = 947 
2021-05-16 12:04:18,593 INFO STATS time per search: 53, size: 180 
2021-05-16 12:04:18,594 WARN c.k.s.Main retrying 
2021-05-16 12:04:19,488 INFO STATS time per search: 400, size: 3476 
2021-05-16 12:04:19,489 ERROR c.k.s.Main Retries count = 1 
2021-05-16 12:04:19,489 INFO STATS total search time: 949 (retries = 1) 
2021-05-16 12:04:19,489 INFO c.k.s.Main Found for Poznań, [cov19.pfizer]: 10 slots, nextDate = 2021-06-13T12:11 
2021-05-16 12:04:19,489 INFO c.k.s.Main city=Poznań, vaccine=[cov19.pfizer]: try=2, start=2021-06-13T12:11, end=2021-06-13T23:59, pointId=null 
2021-05-16 12:04:19,489 INFO c.k.s.Main time since last search = 949 
2021-05-16 12:04:19,597 INFO STATS time per search: 56, size: 180 
2021-05-16 12:04:19,597 WARN c.k.s.Main retrying 
2021-05-16 12:04:20,636 INFO STATS time per search: 444, size: 3225 
2021-05-16 12:04:20,636 ERROR c.k.s.Main Retries count = 1 
2021-05-16 12:04:20,636 INFO STATS total search time: 1095 (retries = 1) 
2021-05-16 12:04:20,637 INFO c.k.s.Main Found for Poznań, [cov19.pfizer]: 9 slots, nextDate = 2021-06-13T13:01 
2021-05-16 12:04:20,637 INFO c.k.s.Main city=Poznań, vaccine=[cov19.pfizer]: try=3, start=2021-06-13T13:01, end=2021-06-13T23:59, pointId=null 
2021-05-16 12:04:20,637 INFO c.k.s.Main time since last search = 1096 
2021-05-16 12:04:20,694 INFO STATS time per search: 56, size: 180 
2021-05-16 12:04:20,694 WARN c.k.s.Main retrying 
2021-05-16 12:04:21,210 INFO STATS time per search: 57, size: 180 
2021-05-16 12:04:21,210 WARN c.k.s.Main retrying 
2021-05-16 12:04:22,044 INFO STATS time per search: 463, size: 3482 
2021-05-16 12:04:22,045 ERROR c.k.s.Main Retries count = 2 
2021-05-16 12:04:22,045 INFO STATS total search time: 1407 (retries = 2) 
2021-05-16 12:04:22,045 INFO c.k.s.Main Found for Poznań, [cov19.pfizer]: 10 slots, nextDate = 2021-06-13T13:46 
2021-05-16 12:04:22,045 INFO c.k.s.Main city=Poznań, vaccine=[cov19.pfizer]: try=4, start=2021-06-13T13:46, end=2021-06-13T23:59, pointId=null 
2021-05-16 12:04:22,045 INFO c.k.s.Main time since last search = 1408 
2021-05-16 12:04:22,099 INFO STATS time per search: 53, size: 180 
2021-05-16 12:04:22,099 WARN c.k.s.Main retrying 
2021-05-16 12:04:23,059 INFO STATS time per search: 469, size: 3875 
2021-05-16 12:04:23,059 ERROR c.k.s.Main Retries count = 1 
2021-05-16 12:04:23,059 INFO STATS total search time: 1013 (retries = 1) 
2021-05-16 12:04:23,060 INFO c.k.s.Main Found for Poznań, [cov19.pfizer]: 11 slots, nextDate = 2021-06-13T14:46 
2021-05-16 12:04:23,060 INFO c.k.s.Main city=Poznań, vaccine=[cov19.pfizer]: try=5, start=2021-06-13T14:46, end=2021-06-13T23:59, pointId=null 
2021-05-16 12:04:23,060 INFO c.k.s.Main time since last search = 1015 
2021-05-16 12:04:23,114 INFO STATS time per search: 54, size: 180 
2021-05-16 12:04:23,114 WARN c.k.s.Main retrying 
2021-05-16 12:04:23,545 INFO STATS time per search: 56, size: 180 
2021-05-16 12:04:23,546 WARN c.k.s.Main retrying 
2021-05-16 12:04:24,572 INFO STATS time per search: 492, size: 4459 
2021-05-16 12:04:24,573 ERROR c.k.s.Main Retries count = 2 
2021-05-16 12:04:24,573 INFO STATS total search time: 1513 (retries = 2) 
2021-05-16 12:04:24,573 INFO c.k.s.Main Found for Poznań, [cov19.pfizer]: 13 slots, nextDate = 2021-06-13T15:41 
2021-05-16 12:04:24,574 INFO c.k.s.Main city=Poznań, vaccine=[cov19.pfizer]: try=6, start=2021-06-13T15:41, end=2021-06-13T23:59, pointId=null 
2021-05-16 12:04:24,574 INFO c.k.s.Main time since last search = 1514 
2021-05-16 12:04:24,629 INFO STATS time per search: 55, size: 180 
2021-05-16 12:04:24,629 WARN c.k.s.Main retrying 
2021-05-16 12:04:25,120 INFO STATS time per search: 55, size: 180 
2021-05-16 12:04:25,121 WARN c.k.s.Main retrying 
2021-05-16 12:04:25,824 INFO STATS time per search: 326, size: 3153 
2021-05-16 12:04:25,824 ERROR c.k.s.Main Retries count = 2 
2021-05-16 12:04:25,824 INFO STATS total search time: 1250 (retries = 2) 
2021-05-16 12:04:25,825 INFO c.k.s.Main Found for Poznań, [cov19.pfizer]: 9 slots, nextDate = 2021-06-13T16:31 
2021-05-16 12:04:25,825 INFO c.k.s.Main city=Poznań, vaccine=[cov19.pfizer]: try=7, start=2021-06-13T16:31, end=2021-06-13T23:59, pointId=null 
2021-05-16 12:04:25,825 INFO c.k.s.Main time since last search = 1251 
2021-05-16 12:04:25,885 INFO STATS time per search: 60, size: 180 
2021-05-16 12:04:25,885 WARN c.k.s.Main retrying 
2021-05-16 12:04:26,326 INFO STATS time per search: 56, size: 180 
2021-05-16 12:04:26,326 WARN c.k.s.Main retrying 
2021-05-16 12:04:27,079 INFO STATS time per search: 433, size: 2902 
2021-05-16 12:04:27,079 ERROR c.k.s.Main Retries count = 2 
2021-05-16 12:04:27,079 INFO STATS total search time: 1254 (retries = 2) 
2021-05-16 12:04:27,079 INFO c.k.s.Main Found for Poznań, [cov19.pfizer]: 8 slots, nextDate = 2021-06-13T17:31 
2021-05-16 12:04:27,080 INFO c.k.s.Main city=Poznań, vaccine=[cov19.pfizer]: try=8, start=2021-06-13T17:31, end=2021-06-13T23:59, pointId=null 
2021-05-16 12:04:27,080 INFO c.k.s.Main time since last search = 1255 
2021-05-16 12:04:27,146 INFO STATS time per search: 66, size: 180 
2021-05-16 12:04:27,146 WARN c.k.s.Main retrying 
2021-05-16 12:04:28,176 INFO STATS time per search: 550, size: 2649 
2021-05-16 12:04:28,176 ERROR c.k.s.Main Retries count = 1 
2021-05-16 12:04:28,176 INFO STATS total search time: 1096 (retries = 1) 
2021-05-16 12:04:28,177 INFO c.k.s.Main Found for Poznań, [cov19.pfizer]: 7 slots, nextDate = 2021-06-13T18:46 
2021-05-16 12:04:28,177 INFO c.k.s.Main city=Poznań, vaccine=[cov19.pfizer]: try=9, start=2021-06-13T18:46, end=2021-06-13T23:59, pointId=null 
2021-05-16 12:04:28,177 INFO c.k.s.Main time since last search = 1097 
2021-05-16 12:04:28,241 INFO STATS time per search: 64, size: 180 
2021-05-16 12:04:28,241 WARN c.k.s.Main retrying 
2021-05-16 12:04:28,682 INFO STATS time per search: 55, size: 180 
2021-05-16 12:04:28,682 WARN c.k.s.Main retrying 
2021-05-16 12:04:29,648 INFO STATS time per search: 455, size: 2252 
2021-05-16 12:04:29,649 ERROR c.k.s.Main Retries count = 2 
2021-05-16 12:04:29,649 INFO STATS total search time: 1472 (retries = 2) 
2021-05-16 12:04:29,649 INFO c.k.s.Main Found for Poznań, [cov19.pfizer]: 6 slots, nextDate = 2021-06-13T19:46 
2021-05-16 12:04:29,649 INFO c.k.s.Main city=Poznań, vaccine=[cov19.pfizer]: try=10, start=2021-06-13T19:46, end=2021-06-13T23:59, pointId=null 
2021-05-16 12:04:29,649 INFO c.k.s.Main time since last search = 1472 
2021-05-16 12:04:29,705 INFO STATS time per search: 56, size: 180 
2021-05-16 12:04:29,705 WARN c.k.s.Main retrying 
2021-05-16 12:04:30,875 INFO STATS time per search: 571, size: 11 
2021-05-16 12:04:30,875 ERROR c.k.s.Main Retries count = 1 
2021-05-16 12:04:30,875 INFO STATS total search time: 1226 (retries = 1) 
2021-05-16 12:04:30,875 INFO c.k.s.Main Found for Poznań, [cov19.pfizer]: 0 slots, nextDate = 2021-06-13T23:59 
2021-05-16 12:04:30,875 INFO c.k.s.Main city=Poznań, vaccine=[cov19.moderna]: try=0, start=2021-05-16T00:00, end=2021-06-13T23:59, pointId=null 
2021-05-16 12:04:30,875 INFO c.k.s.Main time since last search = 1226 
2021-05-16 12:04:30,932 INFO STATS time per search: 56, size: 180 
2021-05-16 12:04:30,933 WARN c.k.s.Main retrying 
2021-05-16 12:04:31,337 INFO STATS time per search: 63, size: 180 
2021-05-16 12:04:31,337 WARN c.k.s.Main retrying 
2021-05-16 12:04:32,616 INFO STATS time per search: 854, size: 11 
2021-05-16 12:04:32,616 ERROR c.k.s.Main Retries count = 2 
2021-05-16 12:04:32,616 INFO STATS total search time: 1740 (retries = 2) 
2021-05-16 12:04:32,617 INFO c.k.s.Main Found for Poznań, [cov19.moderna]: 0 slots, nextDate = 2021-06-13T23:59 
2021-05-16 12:04:32,617 INFO c.k.s.Main city=Poznań, vaccine=[cov19.johnson_and_johnson]: try=0, start=2021-05-16T00:00, end=2021-06-13T23:59, pointId=null 
2021-05-16 12:04:32,617 INFO c.k.s.Main time since last search = 1742 
2021-05-16 12:04:32,672 INFO STATS time per search: 55, size: 180 
2021-05-16 12:04:32,672 WARN c.k.s.Main retrying 
2021-05-16 12:04:34,173 INFO STATS time per search: 959, size: 11 
2021-05-16 12:04:34,173 ERROR c.k.s.Main Retries count = 1 
2021-05-16 12:04:34,173 INFO STATS total search time: 1556 (retries = 1) 
2021-05-16 12:04:34,173 INFO c.k.s.Main Found for Poznań, [cov19.johnson_and_johnson]: 0 slots, nextDate = 2021-06-13T23:59 
2021-05-16 12:04:34,173 INFO c.k.s.Main Processing SearchCity[name=Konin, voivodeship=WIELKOPOLSKIE, days=1, vaccines=[cov19.pfizer, cov19.astra_zeneca, cov19.moderna, cov19.johnson_and_johnson], servicePointId=null] 
2021-05-16 12:04:34,173 INFO c.k.s.Main city=Konin, vaccine=[cov19.astra_zeneca]: try=0, start=2021-05-16T00:00, end=2021-06-13T23:59, pointId=null 
2021-05-16 12:04:34,174 INFO c.k.s.Main time since last search = 1557 
2021-05-16 12:04:34,228 INFO STATS time per search: 54, size: 180 
2021-05-16 12:04:34,228 WARN c.k.s.Main retrying 
2021-05-16 12:04:35,075 INFO STATS time per search: 320, size: 10610 
2021-05-16 12:04:35,075 ERROR c.k.s.Main Retries count = 1 
2021-05-16 12:04:35,075 INFO STATS total search time: 901 (retries = 1) 
2021-05-16 12:04:35,076 INFO c.k.s.Main Found for Konin, [cov19.astra_zeneca]: 31 slots, nextDate = 2021-05-30T19:01 
2021-05-16 12:04:35,076 INFO c.k.s.Main city=Konin, vaccine=[cov19.pfizer]: try=0, start=2021-05-16T00:00, end=2021-06-13T23:59, pointId=null 
2021-05-16 12:04:35,076 INFO c.k.s.Main time since last search = 902 
2021-05-16 12:04:35,228 INFO STATS time per search: 53, size: 180 
2021-05-16 12:04:35,229 WARN c.k.s.Main retrying 
2021-05-16 12:04:35,977 INFO STATS time per search: 176, size: 14499 
2021-05-16 12:04:35,977 ERROR c.k.s.Main Retries count = 1 
2021-05-16 12:04:35,977 INFO STATS total search time: 802 (retries = 1) 
2021-05-16 12:04:35,979 INFO c.k.s.Main Found for Konin, [cov19.pfizer]: 45 slots, nextDate = 2021-06-12T10:56 
2021-05-16 12:04:35,980 INFO c.k.s.Main city=Konin, vaccine=[cov19.moderna]: try=0, start=2021-05-16T00:00, end=2021-06-13T23:59, pointId=null 
2021-05-16 12:04:35,980 INFO c.k.s.Main time since last search = 805 
2021-05-16 12:04:36,230 INFO STATS time per search: 55, size: 180 
2021-05-16 12:04:36,230 WARN c.k.s.Main retrying 
2021-05-16 12:04:36,783 INFO STATS time per search: 56, size: 180 
2021-05-16 12:04:36,784 WARN c.k.s.Main retrying 
2021-05-16 12:04:37,216 INFO STATS time per search: 122, size: 5980 
2021-05-16 12:04:37,216 ERROR c.k.s.Main Retries count = 2 
2021-05-16 12:04:37,216 INFO STATS total search time: 1041 (retries = 2) 
2021-05-16 12:04:37,217 INFO c.k.s.Main Found for Konin, [cov19.moderna]: 18 slots, nextDate = 2021-05-25T12:01 
2021-05-16 12:04:37,217 INFO c.k.s.Main city=Konin, vaccine=[cov19.johnson_and_johnson]: try=0, start=2021-05-16T00:00, end=2021-06-13T23:59, pointId=null 
2021-05-16 12:04:37,217 INFO c.k.s.Main time since last search = 1042 
2021-05-16 12:04:37,270 INFO STATS time per search: 53, size: 180 
2021-05-16 12:04:37,270 WARN c.k.s.Main retrying 
2021-05-16 12:04:37,883 INFO STATS time per search: 56, size: 180 
2021-05-16 12:04:37,883 WARN c.k.s.Main retrying 
2021-05-16 12:04:38,660 INFO STATS time per search: 363, size: 11 
2021-05-16 12:04:38,661 ERROR c.k.s.Main Retries count = 2 
2021-05-16 12:04:38,661 INFO STATS total search time: 1444 (retries = 2) 
2021-05-16 12:04:38,661 INFO c.k.s.Main Found for Konin, [cov19.johnson_and_johnson]: 0 slots, nextDate = 2021-06-13T23:59 
2021-05-16 12:04:38,661 INFO c.k.s.Main Processing SearchCity[name=Gniezno, voivodeship=WIELKOPOLSKIE, days=1, vaccines=[cov19.pfizer, cov19.astra_zeneca, cov19.moderna, cov19.johnson_and_johnson], servicePointId=null] 
2021-05-16 12:04:38,661 INFO c.k.s.Main city=Gniezno, vaccine=[cov19.astra_zeneca]: try=0, start=2021-05-16T00:00, end=2021-06-13T23:59, pointId=null 
2021-05-16 12:04:38,661 INFO c.k.s.Main time since last search = 1444 
2021-05-16 12:04:38,717 INFO STATS time per search: 56, size: 180 
2021-05-16 12:04:38,717 WARN c.k.s.Main retrying 
2021-05-16 12:04:39,129 INFO STATS time per search: 57, size: 180 
2021-05-16 12:04:39,129 WARN c.k.s.Main retrying 
2021-05-16 12:04:39,992 INFO STATS time per search: 378, size: 21187 
2021-05-16 12:04:39,992 ERROR c.k.s.Main Retries count = 2 
2021-05-16 12:04:39,992 INFO STATS total search time: 1331 (retries = 2) 
2021-05-16 12:04:39,993 INFO c.k.s.Main Found for Gniezno, [cov19.astra_zeneca]: 57 slots, nextDate = 2021-05-25T14:01 
2021-05-16 12:04:39,993 INFO c.k.s.Main city=Gniezno, vaccine=[cov19.pfizer]: try=0, start=2021-05-16T00:00, end=2021-06-13T23:59, pointId=null 
2021-05-16 12:04:39,993 INFO c.k.s.Main time since last search = 1332 
2021-05-16 12:04:40,050 INFO STATS time per search: 57, size: 180 
2021-05-16 12:04:40,050 WARN c.k.s.Main retrying 
2021-05-16 12:04:40,650 INFO STATS time per search: 55, size: 180 
2021-05-16 12:04:40,650 WARN c.k.s.Main retrying 
2021-05-16 12:04:41,424 INFO STATS time per search: 231, size: 12477 
2021-05-16 12:04:41,424 ERROR c.k.s.Main Retries count = 2 
2021-05-16 12:04:41,425 INFO STATS total search time: 1431 (retries = 2) 
2021-05-16 12:04:41,425 INFO c.k.s.Main Found for Gniezno, [cov19.pfizer]: 33 slots, nextDate = 2021-06-04T11:56 
2021-05-16 12:04:41,425 INFO c.k.s.Main city=Gniezno, vaccine=[cov19.moderna]: try=0, start=2021-05-16T00:00, end=2021-06-13T23:59, pointId=null 
2021-05-16 12:04:41,426 INFO c.k.s.Main time since last search = 1433 
2021-05-16 12:04:41,479 INFO STATS time per search: 53, size: 180 
2021-05-16 12:04:41,480 WARN c.k.s.Main retrying 
2021-05-16 12:04:41,984 INFO STATS time per search: 61, size: 180 
2021-05-16 12:04:41,984 WARN c.k.s.Main retrying 
2021-05-16 12:04:42,627 INFO STATS time per search: 175, size: 7274 
2021-05-16 12:04:42,627 ERROR c.k.s.Main Retries count = 2 
2021-05-16 12:04:42,627 INFO STATS total search time: 1201 (retries = 2) 
2021-05-16 12:04:42,628 INFO c.k.s.Main Found for Gniezno, [cov19.moderna]: 19 slots, nextDate = 2021-05-28T13:56 
2021-05-16 12:04:42,628 INFO c.k.s.Main city=Gniezno, vaccine=[cov19.johnson_and_johnson]: try=0, start=2021-05-16T00:00, end=2021-06-13T23:59, pointId=null 
2021-05-16 12:04:42,628 INFO c.k.s.Main time since last search = 1202 
2021-05-16 12:04:42,682 INFO STATS time per search: 54, size: 180 
2021-05-16 12:04:42,682 WARN c.k.s.Main retrying 
2021-05-16 12:04:43,152 INFO STATS time per search: 55, size: 180 
2021-05-16 12:04:43,152 WARN c.k.s.Main retrying 
2021-05-16 12:04:44,085 INFO STATS time per search: 449, size: 11 
2021-05-16 12:04:44,085 ERROR c.k.s.Main Retries count = 2 
2021-05-16 12:04:44,085 INFO STATS total search time: 1457 (retries = 2) 
2021-05-16 12:04:44,085 INFO c.k.s.Main Found for Gniezno, [cov19.johnson_and_johnson]: 0 slots, nextDate = 2021-06-13T23:59 
2021-05-16 12:04:44,085 INFO c.k.s.Main Processing SearchCity[name=Piła, voivodeship=WIELKOPOLSKIE, days=1, vaccines=[cov19.pfizer, cov19.astra_zeneca, cov19.moderna, cov19.johnson_and_johnson], servicePointId=null] 
2021-05-16 12:04:44,085 INFO c.k.s.Main city=Piła, vaccine=[cov19.astra_zeneca]: try=0, start=2021-05-16T00:00, end=2021-06-13T23:59, pointId=null 
2021-05-16 12:04:44,085 INFO c.k.s.Main time since last search = 1457 
2021-05-16 12:04:44,140 INFO STATS time per search: 54, size: 180 
2021-05-16 12:04:44,140 WARN c.k.s.Main retrying 
2021-05-16 12:04:44,903 INFO STATS time per search: 258, size: 5582 
2021-05-16 12:04:44,903 ERROR c.k.s.Main Retries count = 1 
2021-05-16 12:04:44,903 INFO STATS total search time: 817 (retries = 1) 
2021-05-16 12:04:44,903 INFO c.k.s.Main Found for Piła, [cov19.astra_zeneca]: 14 slots, nextDate = 2021-05-19T09:46 
2021-05-16 12:04:44,904 INFO c.k.s.Main city=Piła, vaccine=[cov19.pfizer]: try=0, start=2021-05-16T00:00, end=2021-06-13T23:59, pointId=null 
2021-05-16 12:04:44,904 INFO c.k.s.Main time since last search = 819 
2021-05-16 12:04:45,139 INFO STATS time per search: 54, size: 180 
2021-05-16 12:04:45,139 WARN c.k.s.Main retrying 
2021-05-16 12:04:45,928 INFO STATS time per search: 215, size: 11 
2021-05-16 12:04:45,928 ERROR c.k.s.Main Retries count = 1 
2021-05-16 12:04:45,928 INFO STATS total search time: 843 (retries = 1) 
2021-05-16 12:04:45,928 INFO c.k.s.Main Found for Piła, [cov19.pfizer]: 0 slots, nextDate = 2021-06-13T23:59 
2021-05-16 12:04:45,928 INFO c.k.s.Main city=Piła, vaccine=[cov19.moderna]: try=0, start=2021-05-16T00:00, end=2021-06-13T23:59, pointId=null 
2021-05-16 12:04:45,929 INFO c.k.s.Main time since last search = 843 
2021-05-16 12:04:46,139 INFO STATS time per search: 53, size: 180 
2021-05-16 12:04:46,139 WARN c.k.s.Main retrying 
2021-05-16 12:04:46,704 INFO STATS time per search: 56, size: 180 
2021-05-16 12:04:46,704 WARN c.k.s.Main retrying 
2021-05-16 12:04:47,464 INFO STATS time per search: 191, size: 11 
2021-05-16 12:04:47,464 ERROR c.k.s.Main Retries count = 2 
2021-05-16 12:04:47,464 INFO STATS total search time: 1378 (retries = 2) 
2021-05-16 12:04:47,464 INFO c.k.s.Main Found for Piła, [cov19.moderna]: 0 slots, nextDate = 2021-06-13T23:59 
2021-05-16 12:04:47,464 INFO c.k.s.Main city=Piła, vaccine=[cov19.johnson_and_johnson]: try=0, start=2021-05-16T00:00, end=2021-06-13T23:59, pointId=null 
2021-05-16 12:04:47,464 INFO c.k.s.Main time since last search = 1378 
2021-05-16 12:04:47,520 INFO STATS time per search: 56, size: 180 
2021-05-16 12:04:47,520 WARN c.k.s.Main retrying 
2021-05-16 12:04:48,068 INFO STATS time per search: 55, size: 180 
2021-05-16 12:04:48,068 WARN c.k.s.Main retrying 
2021-05-16 12:04:48,795 INFO STATS time per search: 245, size: 11 
2021-05-16 12:04:48,795 ERROR c.k.s.Main Retries count = 2 
2021-05-16 12:04:48,795 INFO STATS total search time: 1331 (retries = 2) 
2021-05-16 12:04:48,795 INFO c.k.s.Main Found for Piła, [cov19.johnson_and_johnson]: 0 slots, nextDate = 2021-06-13T23:59 
2021-05-16 12:04:48,795 INFO c.k.s.Main Processing SearchCity[name=Kalisz, voivodeship=WIELKOPOLSKIE, days=1, vaccines=[cov19.pfizer, cov19.astra_zeneca, cov19.moderna, cov19.johnson_and_johnson], servicePointId=null] 
2021-05-16 12:04:48,795 INFO c.k.s.Main city=Kalisz, vaccine=[cov19.astra_zeneca]: try=0, start=2021-05-16T00:00, end=2021-06-13T23:59, pointId=null 
2021-05-16 12:04:48,795 INFO c.k.s.Main time since last search = 1331 
2021-05-16 12:04:48,851 INFO STATS time per search: 56, size: 180 
2021-05-16 12:04:48,852 WARN c.k.s.Main retrying 
2021-05-16 12:04:49,252 INFO STATS time per search: 56, size: 180 
2021-05-16 12:04:49,252 WARN c.k.s.Main retrying 
2021-05-16 12:04:50,127 INFO STATS time per search: 296, size: 3124 
2021-05-16 12:04:50,128 ERROR c.k.s.Main Retries count = 2 
2021-05-16 12:04:50,128 INFO STATS total search time: 1333 (retries = 2) 
2021-05-16 12:04:50,128 INFO c.k.s.Main Found for Kalisz, [cov19.astra_zeneca]: 9 slots, nextDate = 2021-05-18T12:46 
2021-05-16 12:04:50,128 INFO c.k.s.Main city=Kalisz, vaccine=[cov19.pfizer]: try=0, start=2021-05-16T00:00, end=2021-06-13T23:59, pointId=null 
2021-05-16 12:04:50,128 INFO c.k.s.Main time since last search = 1333 
2021-05-16 12:04:50,182 INFO STATS time per search: 54, size: 180 
2021-05-16 12:04:50,182 WARN c.k.s.Main retrying 
2021-05-16 12:04:50,721 INFO STATS time per search: 54, size: 180 
2021-05-16 12:04:50,721 WARN c.k.s.Main retrying 
2021-05-16 12:04:51,408 INFO STATS time per search: 150, size: 6470 
2021-05-16 12:04:51,408 ERROR c.k.s.Main Retries count = 2 
2021-05-16 12:04:51,408 INFO STATS total search time: 1280 (retries = 2) 
2021-05-16 12:04:51,409 INFO c.k.s.Main Found for Kalisz, [cov19.pfizer]: 19 slots, nextDate = 2021-06-11T11:01 
2021-05-16 12:04:51,409 INFO c.k.s.Main city=Kalisz, vaccine=[cov19.moderna]: try=0, start=2021-05-16T00:00, end=2021-06-13T23:59, pointId=null 
2021-05-16 12:04:51,409 INFO c.k.s.Main time since last search = 1281 
2021-05-16 12:04:51,481 INFO STATS time per search: 72, size: 180 
2021-05-16 12:04:51,481 WARN c.k.s.Main retrying 
2021-05-16 12:04:51,907 INFO STATS time per search: 54, size: 180 
2021-05-16 12:04:51,907 WARN c.k.s.Main retrying 
2021-05-16 12:04:52,558 INFO STATS time per search: 197, size: 11 
2021-05-16 12:04:52,558 ERROR c.k.s.Main Retries count = 2 
2021-05-16 12:04:52,558 INFO STATS total search time: 1149 (retries = 2) 
2021-05-16 12:04:52,558 INFO c.k.s.Main Found for Kalisz, [cov19.moderna]: 0 slots, nextDate = 2021-06-13T23:59 
2021-05-16 12:04:52,558 INFO c.k.s.Main city=Kalisz, vaccine=[cov19.johnson_and_johnson]: try=0, start=2021-05-16T00:00, end=2021-06-13T23:59, pointId=null 
2021-05-16 12:04:52,558 INFO c.k.s.Main time since last search = 1149 
2021-05-16 12:04:52,618 INFO STATS time per search: 60, size: 180 
2021-05-16 12:04:52,618 WARN c.k.s.Main retrying 
2021-05-16 12:04:52,992 INFO STATS time per search: 56, size: 180 
2021-05-16 12:04:52,992 WARN c.k.s.Main retrying 
2021-05-16 12:04:53,725 INFO STATS time per search: 152, size: 11 
2021-05-16 12:04:53,725 ERROR c.k.s.Main Retries count = 2 
2021-05-16 12:04:53,725 INFO STATS total search time: 1167 (retries = 2) 
2021-05-16 12:04:53,725 INFO c.k.s.Main Found for Kalisz, [cov19.johnson_and_johnson]: 0 slots, nextDate = 2021-06-13T23:59 
2021-05-16 12:04:53,725 INFO STATS Search time: 72353, time/search: 1315 
2021-05-16 12:04:53,725 INFO c.k.s.Main Search count = 55, results = 998, results/count = 18 
2021-05-16 12:04:56,302 INFO STATS Formatter time: 2577, time/result: 2 
